C:\Users\Diana\Desktop\Lab2\MoviesAPI\MoviesAPI\ClientApp\dist\out-tsc\e2e\src\app.po.js
C:\Users\Diana\Desktop\Lab2\MoviesAPI\MoviesAPI\ClientApp\dist\out-tsc\e2e\src\app.po.js.map
C:\Users\Diana\Desktop\Lab2\MoviesAPI\MoviesAPI\ClientApp\dist\out-tsc\e2e\src\app.e2e-spec.js
C:\Users\Diana\Desktop\Lab2\MoviesAPI\MoviesAPI\ClientApp\dist\out-tsc\e2e\src\app.e2e-spec.js.map
C:\Users\Diana\Desktop\Lab2\MoviesAPI\MoviesAPI\ClientApp\dist\out-tsc\src\app\home\home.component.js
C:\Users\Diana\Desktop\Lab2\MoviesAPI\MoviesAPI\ClientApp\dist\out-tsc\src\app\home\home.component.js.map
C:\Users\Diana\Desktop\Lab2\MoviesAPI\MoviesAPI\ClientApp\dist\out-tsc\src\app\shared\movie.model.js
C:\Users\Diana\Desktop\Lab2\MoviesAPI\MoviesAPI\ClientApp\dist\out-tsc\src\app\shared\movie.model.js.map
C:\Users\Diana\Desktop\Lab2\MoviesAPI\MoviesAPI\ClientApp\dist\out-tsc\src\app\shared\movie.service.js
C:\Users\Diana\Desktop\Lab2\MoviesAPI\MoviesAPI\ClientApp\dist\out-tsc\src\app\shared\movie.service.js.map
C:\Users\Diana\Desktop\Lab2\MoviesAPI\MoviesAPI\ClientApp\dist\out-tsc\src\app\fetch-data\fetch-data.component.js
C:\Users\Diana\Desktop\Lab2\MoviesAPI\MoviesAPI\ClientApp\dist\out-tsc\src\app\fetch-data\fetch-data.component.js.map
C:\Users\Diana\Desktop\Lab2\MoviesAPI\MoviesAPI\ClientApp\dist\out-tsc\src\app\shared\comment.model.js
C:\Users\Diana\Desktop\Lab2\MoviesAPI\MoviesAPI\ClientApp\dist\out-tsc\src\app\shared\comment.model.js.map
C:\Users\Diana\Desktop\Lab2\MoviesAPI\MoviesAPI\ClientApp\dist\out-tsc\src\app\shared\comment.service.js
C:\Users\Diana\Desktop\Lab2\MoviesAPI\MoviesAPI\ClientApp\dist\out-tsc\src\app\shared\comment.service.js.map
C:\Users\Diana\Desktop\Lab2\MoviesAPI\MoviesAPI\ClientApp\dist\out-tsc\src\app\shared\movieComm.model.js
C:\Users\Diana\Desktop\Lab2\MoviesAPI\MoviesAPI\ClientApp\dist\out-tsc\src\app\shared\movieComm.model.js.map
C:\Users\Diana\Desktop\Lab2\MoviesAPI\MoviesAPI\ClientApp\dist\out-tsc\src\app\shared\movieComm.service.js
C:\Users\Diana\Desktop\Lab2\MoviesAPI\MoviesAPI\ClientApp\dist\out-tsc\src\app\shared\movieComm.service.js.map
C:\Users\Diana\Desktop\Lab2\MoviesAPI\MoviesAPI\ClientApp\dist\out-tsc\src\app\details\details.component.js
C:\Users\Diana\Desktop\Lab2\MoviesAPI\MoviesAPI\ClientApp\dist\out-tsc\src\app\details\details.component.js.map
C:\Users\Diana\Desktop\Lab2\MoviesAPI\MoviesAPI\ClientApp\dist\out-tsc\src\app\add-movie\add-movie.component.js
C:\Users\Diana\Desktop\Lab2\MoviesAPI\MoviesAPI\ClientApp\dist\out-tsc\src\app\add-movie\add-movie.component.js.map
C:\Users\Diana\Desktop\Lab2\MoviesAPI\MoviesAPI\ClientApp\dist\out-tsc\src\app\update-movie\update-movie.component.js
C:\Users\Diana\Desktop\Lab2\MoviesAPI\MoviesAPI\ClientApp\dist\out-tsc\src\app\update-movie\update-movie.component.js.map
C:\Users\Diana\Desktop\Lab2\MoviesAPI\MoviesAPI\ClientApp\dist\out-tsc\src\app\app-routing.module.js
C:\Users\Diana\Desktop\Lab2\MoviesAPI\MoviesAPI\ClientApp\dist\out-tsc\src\app\app-routing.module.js.map
C:\Users\Diana\Desktop\Lab2\MoviesAPI\MoviesAPI\ClientApp\dist\out-tsc\src\app\app.component.js
C:\Users\Diana\Desktop\Lab2\MoviesAPI\MoviesAPI\ClientApp\dist\out-tsc\src\app\app.component.js.map
C:\Users\Diana\Desktop\Lab2\MoviesAPI\MoviesAPI\ClientApp\dist\out-tsc\src\app\nav-menu\nav-menu.component.js
C:\Users\Diana\Desktop\Lab2\MoviesAPI\MoviesAPI\ClientApp\dist\out-tsc\src\app\nav-menu\nav-menu.component.js.map
C:\Users\Diana\Desktop\Lab2\MoviesAPI\MoviesAPI\ClientApp\dist\out-tsc\src\app\app.module.js
C:\Users\Diana\Desktop\Lab2\MoviesAPI\MoviesAPI\ClientApp\dist\out-tsc\src\app\app.module.js.map
C:\Users\Diana\Desktop\Lab2\MoviesAPI\MoviesAPI\ClientApp\dist\out-tsc\src\environments\environment.js
C:\Users\Diana\Desktop\Lab2\MoviesAPI\MoviesAPI\ClientApp\dist\out-tsc\src\environments\environment.js.map
C:\Users\Diana\Desktop\Lab2\MoviesAPI\MoviesAPI\ClientApp\dist\out-tsc\src\main.js
C:\Users\Diana\Desktop\Lab2\MoviesAPI\MoviesAPI\ClientApp\dist\out-tsc\src\main.js.map
C:\Users\Diana\Desktop\Lab2\MoviesAPI\MoviesAPI\ClientApp\dist\out-tsc\src\polyfills.js
C:\Users\Diana\Desktop\Lab2\MoviesAPI\MoviesAPI\ClientApp\dist\out-tsc\src\polyfills.js.map
C:\Users\Diana\Desktop\Lab2\MoviesAPI\MoviesAPI\ClientApp\dist\out-tsc\src\test.js
C:\Users\Diana\Desktop\Lab2\MoviesAPI\MoviesAPI\ClientApp\dist\out-tsc\src\test.js.map
C:\Users\Diana\Desktop\Lab2\MoviesAPI\MoviesAPI\ClientApp\dist\out-tsc\src\app\app.server.module.js
C:\Users\Diana\Desktop\Lab2\MoviesAPI\MoviesAPI\ClientApp\dist\out-tsc\src\app\app.server.module.js.map
C:\Users\Diana\Desktop\Lab2\MoviesAPI\MoviesAPI\ClientApp\dist\out-tsc\src\environments\environment.prod.js
C:\Users\Diana\Desktop\Lab2\MoviesAPI\MoviesAPI\ClientApp\dist\out-tsc\src\environments\environment.prod.js.map
